<?xml version="1.0" encoding="UTF-8"?>
<!-- Generated by org.testng.reporters.JUnitReportReporter -->
<testsuite hostname="Desktop" name="com.frontEndApp_Scripts.AddUser" tests="2" failures="0" timestamp="4 Jul 2016 05:38:46 GMT" time="3.049" errors="0">
  <testcase name="signIn" time="1.523" classname="com.frontEndApp_Scripts.AddUser"/>
  <testcase name="addnewuser" time="1.526" classname="com.frontEndApp_Scripts.AddUser"/>
</testsuite> <!-- com.frontEndApp_Scripts.AddUser -->
