<?xml version="1.0" encoding="UTF-8"?>
<!-- Generated by org.testng.reporters.JUnitReportReporter -->
<testsuite hostname="MTYTM15492YLR" name="com.frontEndApp_Scripts.MainProcess" tests="2" failures="0" timestamp="8 Jul 2016 23:19:39 GMT" time="22.685" errors="0">
  <testcase name="Password" time="9.566" classname="com.frontEndApp_Scripts.MainProcess"/>
  <testcase name="signIn" time="13.119" classname="com.frontEndApp_Scripts.MainProcess"/>
</testsuite> <!-- com.frontEndApp_Scripts.MainProcess -->
