<?xml version="1.0" encoding="UTF-8"?>
<!-- Generated by org.testng.reporters.JUnitReportReporter -->
<testsuite hostname="Desktop" name="com.frontEndApp_Scripts.loginProcess" tests="1" failures="0" timestamp="4 Jul 2016 04:58:54 GMT" time="1.591" errors="0">
  <testcase name="signIn" time="1.591" classname="com.frontEndApp_Scripts.loginProcess"/>
</testsuite> <!-- com.frontEndApp_Scripts.loginProcess -->
