<?xml version="1.0" encoding="UTF-8"?>
<!-- Generated by org.testng.reporters.JUnitReportReporter -->
<testsuite hostname="MTYTM15492YLR" name="com.frontEndApp_Scripts.AdminProcess" tests="2" failures="0" timestamp="13 Jul 2016 01:55:51 GMT" time="23.259" errors="0">
  <testcase name="HealthChecks" time="12.018" classname="com.frontEndApp_Scripts.AdminProcess"/>
  <testcase name="login" time="11.241" classname="com.frontEndApp_Scripts.AdminProcess"/>
</testsuite> <!-- com.frontEndApp_Scripts.AdminProcess -->
