<?xml version="1.0" encoding="UTF-8"?>
<!-- Generated by org.testng.reporters.JUnitReportReporter -->
<testsuite hostname="MTYTM15492YLR" name="com.frontEndApp_Scripts.MainProcess" tests="4" failures="0" timestamp="9 Jul 2016 19:11:10 GMT" time="71.490" errors="0">
  <testcase name="Password" time="11.698" classname="com.frontEndApp_Scripts.MainProcess"/>
  <testcase name="addnewuser" time="24.160" classname="com.frontEndApp_Scripts.MainProcess"/>
  <testcase name="listofUsers" time="17.280" classname="com.frontEndApp_Scripts.MainProcess"/>
  <testcase name="signIn" time="18.352" classname="com.frontEndApp_Scripts.MainProcess"/>
</testsuite> <!-- com.frontEndApp_Scripts.MainProcess -->
