<?xml version="1.0" encoding="UTF-8"?>
<!-- Generated by org.testng.reporters.JUnitReportReporter -->
<testsuite hostname="MTYTM15492YLR" name="com.frontEndApp_Scripts.AddUser" tests="2" failures="0" timestamp="8 Jul 2016 18:37:03 GMT" time="33.439" errors="0">
  <testcase name="signIn" time="12.814" classname="com.frontEndApp_Scripts.AddUser"/>
  <testcase name="addnewuser" time="20.625" classname="com.frontEndApp_Scripts.AddUser"/>
</testsuite> <!-- com.frontEndApp_Scripts.AddUser -->
